[debug] [2023-01-15T16:08:55.750Z] ----------------------------------------------------------------------
[debug] [2023-01-15T16:08:55.752Z] Command:       C:\Program Files\nodejs\node.exe C:\Users\neash\AppData\Roaming\npm\node_modules\firebase-tools\lib\bin\firebase.js init hosting
[debug] [2023-01-15T16:08:55.753Z] CLI Version:   11.20.0
[debug] [2023-01-15T16:08:55.753Z] Platform:      win32
[debug] [2023-01-15T16:08:55.753Z] Node Version:  v16.15.1
[debug] [2023-01-15T16:08:55.754Z] Time:          Sun Jan 15 2023 22:08:55 GMT+0600 (Bangladesh Standard Time)
[debug] [2023-01-15T16:08:55.755Z] ----------------------------------------------------------------------
[debug] 
[debug] [2023-01-15T16:08:55.759Z] >>> [apiv2][query] GET https://firebase-public.firebaseio.com/cli.json [none]
[debug] [2023-01-15T16:08:55.787Z] > command requires scopes: ["email","openid","https://www.googleapis.com/auth/cloudplatformprojects.readonly","https://www.googleapis.com/auth/firebase","https://www.googleapis.com/auth/cloud-platform"]
[debug] [2023-01-15T16:08:55.788Z] > authorizing via signed-in user (hridoykhan113348@gmail.com)
[info] 
     ######## #### ########  ######## ########     ###     ######  ########
     ##        ##  ##     ## ##       ##     ##  ##   ##  ##       ##
     ######    ##  ########  ######   ########  #########  ######  ######
     ##        ##  ##    ##  ##       ##     ## ##     ##       ## ##
     ##       #### ##     ## ######## ########  ##     ##  ######  ########

You're about to initialize a Firebase project in this directory:

  C:\Projects\Team Project - Hexa Coders\Nerd-Academy---client

Before we get started, keep in mind:

  * You are currently outside your home directory

[debug] [2023-01-15T16:08:58.885Z] <<< [apiv2][status] GET https://firebase-public.firebaseio.com/cli.json 200
[debug] [2023-01-15T16:08:58.885Z] <<< [apiv2][body] GET https://firebase-public.firebaseio.com/cli.json {"cloudBuildErrorAfter":1594252800000,"cloudBuildWarnAfter":1590019200000,"defaultNode10After":1594252800000,"minVersion":"3.0.5","node8DeploysDisabledAfter":1613390400000,"node8RuntimeDisabledAfter":1615809600000,"node8WarnAfter":1600128000000}
[info] 
=== Project Setup
[info] 
[info] First, let's associate this project directory with a Firebase project.
[info] You can create multiple project aliases by running firebase use --add, 
[info] but for now we'll just set up a default project.
[info] 
[debug] [2023-01-15T16:09:19.003Z] > refreshing access token with scopes: []
[debug] [2023-01-15T16:09:19.005Z] >>> [apiv2][query] POST https://www.googleapis.com/oauth2/v3/token [none]
[debug] [2023-01-15T16:09:19.005Z] >>> [apiv2][body] POST https://www.googleapis.com/oauth2/v3/token [omitted]
[debug] [2023-01-15T16:09:22.710Z] <<< [apiv2][status] POST https://www.googleapis.com/oauth2/v3/token 200
[debug] [2023-01-15T16:09:22.710Z] <<< [apiv2][body] POST https://www.googleapis.com/oauth2/v3/token [omitted]
[debug] [2023-01-15T16:09:22.726Z] >>> [apiv2][query] GET https://firebase.googleapis.com/v1beta1/projects pageSize=100
[debug] [2023-01-15T16:09:24.898Z] <<< [apiv2][status] GET https://firebase.googleapis.com/v1beta1/projects 200
[debug] [2023-01-15T16:09:24.898Z] <<< [apiv2][body] GET https://firebase.googleapis.com/v1beta1/projects [omitted]
[info] i  Using project nerd-academy-c6bee (nerd-academy) 
[info] 
=== Hosting Setup
[info] 
[info] Your public directory is the folder (relative to your project directory) that
[info] will contain Hosting assets to be uploaded with firebase deploy. If you
[info] have a build process for your assets, use your build's output directory.
[info] 
